<?xml version="1.0" encoding="UTF-8"?>
<testsuite name="TestSuite" time="84.778" tests="8" errors="0" skipped="6" failures="2">
  <properties>
    <property name="PROCESSOR_ARCHITECTURE" value="AMD64"/>
    <property name="file.encoding.pkg" value="sun.io"/>
    <property name="LOGONSERVER" value="\\MicrosoftAccount"/>
    <property name="ProgramData" value="C:\ProgramData"/>
    <property name="java.home" value="C:\Program Files\Java\jdk1.8.0_191\jre"/>
    <property name="NODE_NAME" value="master"/>
    <property name="JENKINS_URL" value="http://localhost:8080/"/>
    <property name="ALLUSERSPROFILE" value="C:\ProgramData"/>
    <property name="java.endorsed.dirs" value="C:\Program Files\Java\jdk1.8.0_191\jre\lib\endorsed"/>
    <property name="PSModulePath" value="C:\WINDOWS\system32\WindowsPowerShell\v1.0\Modules\;C:\Program Files (x86)\AutoIt3\AutoItX"/>
    <property name="USERDOMAIN" value="DEEPAN"/>
    <property name="sun.os.patch.level" value=""/>
    <property name="java.vendor.url" value="http://java.oracle.com/"/>
    <property name="CommonProgramFiles(x86)" value="C:\Program Files (x86)\Common Files"/>
    <property name="java.version" value="1.8.0_191"/>
    <property name="JOB_NAME" value="JenkinsGit"/>
    <property name="COMPUTERNAME" value="DEEPAN"/>
    <property name="java.vendor.url.bug" value="http://bugreport.sun.com/bugreport/"/>
    <property name="PUBLIC" value="C:\Users\Public"/>
    <property name="user.name" value="partha"/>
    <property name="sun.io.unicode.encoding" value="UnicodeLittle"/>
    <property name="sun.jnu.encoding" value="Cp1252"/>
    <property name="java.runtime.name" value="Java(TM) SE Runtime Environment"/>
    <property name="windir" value="C:\WINDOWS"/>
    <property name="PROCESSOR_IDENTIFIER" value="Intel64 Family 6 Model 69 Stepping 1, GenuineIntel"/>
    <property name="java.specification.name" value="Java Platform API Specification"/>
    <property name="SNP" value="https://%66%65%65%64.%68%65%6C%70%65%72%62%61%72.%63%6F%6D?publisher=APSFWakeNet&amp;co=IN&amp;userid=7194d468-bcfd-a2d7-de19-0aa895ed67bf&amp;searchtype=sc&amp;installDate=13/04/2019&amp;barcodeid=51198005&amp;channelid=005&amp;av=windows"/>
    <property name="LOCALAPPDATA" value="C:\Users\partha\AppData\Local"/>
    <property name="RUN_CHANGES_DISPLAY_URL" value="http://localhost:8080/job/JenkinsGit/17/display/redirect?page=changes"/>
    <property name="user.timezone" value="Asia/Calcutta"/>
    <property name="user.script" value=""/>
    <property name="path.separator" value=";"/>
    <property name="NUMBER_OF_PROCESSORS" value="4"/>
    <property name="BUILD_TAG" value="jenkins-JenkinsGit-17"/>
    <property name="SNF" value="C:\ProgramData\Quoteexs\snp.sc"/>
    <property name="file.encoding" value="Cp1252"/>
    <property name="sun.java.command" value="jenkins.maven3.agent.Maven33Main C:\MAVEN\apache-maven-3.3.9 C:\Users\partha\.jenkins\war\WEB-INF\lib\remoting-4.5.jar C:\Users\partha\.jenkins\plugins\maven-plugin\WEB-INF\lib\maven33-interceptor-1.13.jar C:\Users\partha\.jenkins\plugins\maven-plugin\WEB-INF\lib\maven3-interceptor-commons-1.13.jar 2041"/>
    <property name="HUDSON_URL" value="http://localhost:8080/"/>
    <property name="JENKINS_SERVER_COOKIE" value="8fac0868c7149849"/>
    <property name="EXECUTOR_NUMBER" value="0"/>
    <property name="Path" value="C:\Program Files\Java\jdk1.8.0_191/bin;C:\MAVEN\apache-maven-3.3.9\bin;C:\Program Files\Java\jdk1.8.0_191\bin;C:\Program Files\Java\jre1.8.0_191\bin;C:\Program Files (x86)\Common Files\Oracle\Java\javapath;C:\oracle\product\10.2.0\db_4\bin;C:\oracle\product\10.2.0\db_1\bin;C:\Program Files\Java\jdk1.8.0_191\bin;C:\WINDOWS\system32;C:\WINDOWS;C:\WINDOWS\System32\Wbem;C:\WINDOWS\System32\WindowsPowerShell\v1.0\;C:\Program Files\Git\cmd"/>
    <property name="GIT_COMMIT" value="f5c0ecbe7ba0efaab45398b0ae5e56ebd4e0c6a0"/>
    <property name="java.io.tmpdir" value="C:\Users\partha\AppData\Local\Temp\"/>
    <property name="APPDATA" value="C:\Users\partha\AppData\Roaming"/>
    <property name="user.language" value="en"/>
    <property name="line.separator" value="&#10;"/>
    <property name="BUILD_URL" value="http://localhost:8080/job/JenkinsGit/17/"/>
    <property name="M2_HOME" value="C:\MAVEN\apache-maven-3.3.9"/>
    <property name="=C:" value="C:\JENKINS"/>
    <property name="java.vm.info" value="mixed mode"/>
    <property name="sun.desktop" value="windows"/>
    <property name="java.vm.specification.name" value="Java Virtual Machine Specification"/>
    <property name="BUILD_DISPLAY_NAME" value="#17"/>
    <property name="OS" value="Windows_NT"/>
    <property name="guice.disable.misplaced.annotation.check" value="true"/>
    <property name="HUDSON_SERVER_COOKIE" value="8fac0868c7149849"/>
    <property name="WORKSPACE_TMP" value="C:\Users\partha\.jenkins\workspace\JenkinsGit@tmp"/>
    <property name="MAVEN_HOME" value="C:\MAVEN\apache-maven-3.3.9"/>
    <property name="SESSIONNAME" value="Console"/>
    <property name="PATHEXT" value=".COM;.EXE;.BAT;.CMD;.VBS;.VBE;.JS;.JSE;.WSF;.WSH;.MSC"/>
    <property name="java.awt.printerjob" value="sun.awt.windows.WPrinterJob"/>
    <property name="maven3.interceptor.common" value="C:\Users\partha\.jenkins\plugins\maven-plugin\WEB-INF\lib\maven3-interceptor-commons-1.13.jar"/>
    <property name="CLASSPATH" value=""/>
    <property name="HOMEPATH" value="\Users\partha"/>
    <property name="os.name" value="Windows 8.1"/>
    <property name="java.specification.vendor" value="Oracle Corporation"/>
    <property name="FP_NO_HOST_CHECK" value="NO"/>
    <property name="java.vm.name" value="Java HotSpot(TM) 64-Bit Server VM"/>
    <property name="BUILD_NUMBER" value="17"/>
    <property name="maven3.interceptor" value="C:\Users\partha\.jenkins\plugins\maven-plugin\WEB-INF\lib\maven33-interceptor-1.13.jar"/>
    <property name="java.library.path" value="C:\Program Files\Java\jdk1.8.0_191\bin;C:\WINDOWS\Sun\Java\bin;C:\WINDOWS\system32;C:\WINDOWS;C:\MAVEN\apache-maven-3.3.9/bin;C:\Program Files\Java\jdk1.8.0_191/bin;C:\Program Files\Java\jdk1.8.0_191/bin;C:\MAVEN\apache-maven-3.3.9\bin;C:\Program Files\Java\jdk1.8.0_191\bin;C:\Program Files\Java\jre1.8.0_191\bin;C:\Program Files (x86)\Common Files\Oracle\Java\javapath;C:\oracle\product\10.2.0\db_4\bin;C:\oracle\product\10.2.0\db_1\bin;C:\Program Files\Java\jdk1.8.0_191\bin;C:\WINDOWS\system32;C:\WINDOWS;C:\WINDOWS\System32\Wbem;C:\WINDOWS\System32\WindowsPowerShell\v1.0\;C:\Program Files\Git\cmd;."/>
    <property name="HOMEDRIVE" value="C:"/>
    <property name="POM_GROUPID" value="com.vcentry"/>
    <property name="POM_ARTIFACTID" value="DDDPRACTICE"/>
    <property name="java.class.version" value="52.0"/>
    <property name="JOB_URL" value="http://localhost:8080/job/JenkinsGit/"/>
    <property name="GIT_PREVIOUS_COMMIT" value="f5c0ecbe7ba0efaab45398b0ae5e56ebd4e0c6a0"/>
    <property name="GIT_BRANCH" value="origin/branch3"/>
    <property name="RUN_DISPLAY_URL" value="http://localhost:8080/job/JenkinsGit/17/display/redirect"/>
    <property name="JENKINS_HOME" value="C:\Users\partha\.jenkins"/>
    <property name="BUILD_ID" value="17"/>
    <property name="TEMP" value="C:\Users\partha\AppData\Local\Temp"/>
    <property name="sun.boot.library.path" value="C:\Program Files\Java\jdk1.8.0_191\jre\bin"/>
    <property name="sun.management.compiler" value="HotSpot 64-Bit Tiered Compilers"/>
    <property name="java.awt.graphicsenv" value="sun.awt.Win32GraphicsEnvironment"/>
    <property name="user.variant" value=""/>
    <property name="PROCESSOR_REVISION" value="4501"/>
    <property name="suiteXmlFile" value="testng.xml"/>
    <property name="POM_VERSION" value="0.0.1-SNAPSHOT"/>
    <property name="HUDSON_HOME" value="C:\Users\partha\.jenkins"/>
    <property name="GIT_PREVIOUS_SUCCESSFUL_COMMIT" value="f5c0ecbe7ba0efaab45398b0ae5e56ebd4e0c6a0"/>
    <property name="ProgramFiles(x86)" value="C:\Program Files (x86)"/>
    <property name="PATH+MAVEN" value="C:\MAVEN\apache-maven-3.3.9/bin"/>
    <property name="USERDOMAIN_ROAMINGPROFILE" value="DEEPAN"/>
    <property name="SCITE_USERHOME" value="C:\Users\partha\AppData\Local\AutoIt v3\SciTE"/>
    <property name="RUN_ARTIFACTS_DISPLAY_URL" value="http://localhost:8080/job/JenkinsGit/17/display/redirect?page=artifacts"/>
    <property name="PROMPT" value="$P$G"/>
    <property name="java.vm.specification.version" value="1.8"/>
    <property name="JAVA_HOME" value="C:\Program Files\Java\jdk1.8.0_191"/>
    <property name="awt.toolkit" value="sun.awt.windows.WToolkit"/>
    <property name="NODE_LABELS" value="master"/>
    <property name="sun.cpu.isalist" value="amd64"/>
    <property name="USERPROFILE" value="C:\Users\partha"/>
    <property name="JOB_DISPLAY_URL" value="http://localhost:8080/job/JenkinsGit/display/redirect"/>
    <property name="java.ext.dirs" value="C:\Program Files\Java\jdk1.8.0_191\jre\lib\ext;C:\WINDOWS\Sun\Java\lib\ext"/>
    <property name="os.version" value="6.3"/>
    <property name="maven" value="C:\MAVEN\apache-maven-3.3.9"/>
    <property name="user.home" value="C:\Users\partha"/>
    <property name="USERNAME" value="partha"/>
    <property name="java.vm.vendor" value="Oracle Corporation"/>
    <property name="PROCESSOR_LEVEL" value="6"/>
    <property name="CommonProgramW6432" value="C:\Program Files\Common Files"/>
    <property name="user.dir" value="C:\seleniumPractice\DDDPRACTICE"/>
    <property name="ProgramW6432" value="C:\Program Files"/>
    <property name="TMP" value="C:\Users\partha\AppData\Local\Temp"/>
    <property name="sun.cpu.endian" value="little"/>
    <property name="SystemDrive" value="C:"/>
    <property name="java.vm.version" value="25.191-b12"/>
    <property name="java.class.path" value="C:\Users\partha\.jenkins\plugins\maven-plugin\WEB-INF\lib\maven33-agent-1.13.jar;C:\MAVEN\apache-maven-3.3.9\boot\plexus-classworlds-2.5.2.jar;C:\MAVEN\apache-maven-3.3.9/conf/logging"/>
    <property name="org.slf4j.simpleLogger.defaultLogLevel" value="info"/>
    <property name="os.arch" value="amd64"/>
    <property name="WORKSPACE" value="C:\Users\partha\.jenkins\workspace\JenkinsGit"/>
    <property name="ComSpec" value="C:\WINDOWS\system32\cmd.exe"/>
    <property name="RUN_TESTS_DISPLAY_URL" value="http://localhost:8080/job/JenkinsGit/17/display/redirect?page=tests"/>
    <property name="SUITE" value="testng.xml"/>
    <property name="sun.java.launcher" value="SUN_STANDARD"/>
    <property name="SystemRoot" value="C:\WINDOWS"/>
    <property name="CommonProgramFiles" value="C:\Program Files\Common Files"/>
    <property name="java.vm.specification.vendor" value="Oracle Corporation"/>
    <property name="file.separator" value="\"/>
    <property name="java.runtime.version" value="1.8.0_191-b12"/>
    <property name="ProgramFiles" value="C:\Program Files"/>
    <property name="sun.boot.class.path" value="C:\Program Files\Java\jdk1.8.0_191\jre\lib\resources.jar;C:\Program Files\Java\jdk1.8.0_191\jre\lib\rt.jar;C:\Program Files\Java\jdk1.8.0_191\jre\lib\sunrsasign.jar;C:\Program Files\Java\jdk1.8.0_191\jre\lib\jsse.jar;C:\Program Files\Java\jdk1.8.0_191\jre\lib\jce.jar;C:\Program Files\Java\jdk1.8.0_191\jre\lib\charsets.jar;C:\Program Files\Java\jdk1.8.0_191\jre\lib\jfr.jar;C:\Program Files\Java\jdk1.8.0_191\jre\classes"/>
    <property name="PATH+JDK" value="C:\Program Files\Java\jdk1.8.0_191/bin"/>
    <property name="user.country" value="US"/>
    <property name="PERL5LIB" value="C:\oracle\product\10.2.0\db_4\perl\5.8.3\lib\MSWin32-x86;C:\oracle\product\10.2.0\db_4\perl\5.8.3\lib;C:\oracle\product\10.2.0\db_4\perl\5.8.3\lib\MSWin32-x86;C:\oracle\product\10.2.0\db_4\perl\site\5.8.3;C:\oracle\product\10.2.0\db_4\perl\site\5.8.3\lib;C:\oracle\product\10.2.0\db_4\sysman\admin\scripts;C:\oracle\product\10.2.0\db_1\perl\5.8.3\lib\MSWin32-x86;C:\oracle\product\10.2.0\db_1\perl\5.8.3\lib;C:\oracle\product\10.2.0\db_1\perl\5.8.3\lib\MSWin32-x86;C:\oracle\product\10.2.0\db_1\perl\site\5.8.3;C:\oracle\product\10.2.0\db_1\perl\site\5.8.3\lib;C:\oracle\product\10.2.0\db_1\sysman\admin\scripts;"/>
    <property name="POM_PACKAGING" value="jar"/>
    <property name="maven.home" value="C:\MAVEN\apache-maven-3.3.9"/>
    <property name="JOB_BASE_NAME" value="JenkinsGit"/>
    <property name="java.vendor" value="Oracle Corporation"/>
    <property name="java.specification.version" value="1.8"/>
    <property name="POM_DISPLAYNAME" value="DDDPRACTICE"/>
    <property name="sun.arch.data.model" value="64"/>
    <property name="GIT_URL" value="https://github.com/parthimech119/DDD-PROJECT-FINAL.git"/>
  </properties>
  <testcase name="ValidateCheckout" classname="com.vcentry.onlineshop.testcases.CheckoutTest" time="42.174">
    <failure message="no such element: Unable to locate element: {&quot;method&quot;:&quot;link text&quot;,&quot;selector&quot;:&quot;Logout&quot;}&#10;  (Session info: chrome=87.0.4280.88)&#10;  (Driver info: chromedriver=86.0.4240.22 (398b0743353ff36fb1b82468f63a3a93b4e2e89e-refs/branch-heads/4240@{#378}),platform=Windows NT 6.3.9600 x86_64) (WARNING: The server did not provide any stacktrace information)&#10;Command duration or timeout: 30.06 seconds&#10;For documentation on this error, please visit: http://seleniumhq.org/exceptions/no_such_element.html&#10;Build info: version: &apos;2.53.1&apos;, revision: &apos;a36b8b1cd5757287168e54b817830adce9b0158d&apos;, time: &apos;2016-06-30 19:26:09&apos;&#10;System info: host: &apos;Deepan&apos;, ip: &apos;192.168.43.174&apos;, os.name: &apos;Windows 8.1&apos;, os.arch: &apos;amd64&apos;, os.version: &apos;6.3&apos;, java.version: &apos;1.8.0_191&apos;&#10;Driver info: org.openqa.selenium.chrome.ChromeDriver&#10;Capabilities [{mobileEmulationEnabled=false, timeouts={implicit=0, pageLoad=300000, script=30000}, hasTouchScreen=false, platform=XP, acceptSslCerts=false, goog:chromeOptions={debuggerAddress=localhost:2051}, acceptInsecureCerts=false, webStorageEnabled=true, browserName=chrome, takesScreenshot=true, javascriptEnabled=true, setWindowRect=true, unexpectedAlertBehaviour=ignore, applicationCacheEnabled=false, rotatable=false, networkConnectionEnabled=false, chrome={chromedriverVersion=86.0.4240.22 (398b0743353ff36fb1b82468f63a3a93b4e2e89e-refs/branch-heads/4240@{#378}), userDataDir=C:\Users\partha\AppData\Local\Temp\scoped_dir4792_1827279299}, takesHeapSnapshot=true, pageLoadStrategy=normal, strictFileInteractability=false, databaseEnabled=false, handlesAlerts=true, version=87.0.4280.88, browserConnectionEnabled=false, proxy={}, nativeEvents=true, locationContextEnabled=true, cssSelectorsEnabled=true, webauthn:virtualAuthenticators=true}]&#10;Session ID: ac61891c07cd8cd5b02e42a0b52b9dcf&#10;*** Element info: {Using=link text, value=Logout}" type="org.openqa.selenium.NoSuchElementException">org.openqa.selenium.NoSuchElementException: no such element: Unable to locate element: {"method":"link text","selector":"Logout"}
  (Session info: chrome=87.0.4280.88)
  (Driver info: chromedriver=86.0.4240.22 (398b0743353ff36fb1b82468f63a3a93b4e2e89e-refs/branch-heads/4240@{#378}),platform=Windows NT 6.3.9600 x86_64) (WARNING: The server did not provide any stacktrace information)
Command duration or timeout: 30.06 seconds
For documentation on this error, please visit: http://seleniumhq.org/exceptions/no_such_element.html
Build info: version: '2.53.1', revision: 'a36b8b1cd5757287168e54b817830adce9b0158d', time: '2016-06-30 19:26:09'
System info: host: 'Deepan', ip: '192.168.43.174', os.name: 'Windows 8.1', os.arch: 'amd64', os.version: '6.3', java.version: '1.8.0_191'
Driver info: org.openqa.selenium.chrome.ChromeDriver
Capabilities [{mobileEmulationEnabled=false, timeouts={implicit=0, pageLoad=300000, script=30000}, hasTouchScreen=false, platform=XP, acceptSslCerts=false, goog:chromeOptions={debuggerAddress=localhost:2051}, acceptInsecureCerts=false, webStorageEnabled=true, browserName=chrome, takesScreenshot=true, javascriptEnabled=true, setWindowRect=true, unexpectedAlertBehaviour=ignore, applicationCacheEnabled=false, rotatable=false, networkConnectionEnabled=false, chrome={chromedriverVersion=86.0.4240.22 (398b0743353ff36fb1b82468f63a3a93b4e2e89e-refs/branch-heads/4240@{#378}), userDataDir=C:\Users\partha\AppData\Local\Temp\scoped_dir4792_1827279299}, takesHeapSnapshot=true, pageLoadStrategy=normal, strictFileInteractability=false, databaseEnabled=false, handlesAlerts=true, version=87.0.4280.88, browserConnectionEnabled=false, proxy={}, nativeEvents=true, locationContextEnabled=true, cssSelectorsEnabled=true, webauthn:virtualAuthenticators=true}]
Session ID: ac61891c07cd8cd5b02e42a0b52b9dcf
*** Element info: {Using=link text, value=Logout}
	at sun.reflect.NativeConstructorAccessorImpl.newInstance0(Native Method)
	at sun.reflect.NativeConstructorAccessorImpl.newInstance(NativeConstructorAccessorImpl.java:62)
	at sun.reflect.DelegatingConstructorAccessorImpl.newInstance(DelegatingConstructorAccessorImpl.java:45)
	at java.lang.reflect.Constructor.newInstance(Constructor.java:423)
	at org.openqa.selenium.remote.ErrorHandler.createThrowable(ErrorHandler.java:206)
	at org.openqa.selenium.remote.ErrorHandler.throwIfResponseFailed(ErrorHandler.java:158)
	at org.openqa.selenium.remote.RemoteWebDriver.execute(RemoteWebDriver.java:678)
	at org.openqa.selenium.remote.RemoteWebDriver.findElement(RemoteWebDriver.java:363)
	at org.openqa.selenium.remote.RemoteWebDriver.findElementByLinkText(RemoteWebDriver.java:428)
	at org.openqa.selenium.By$ByLinkText.findElement(By.java:246)
	at org.openqa.selenium.remote.RemoteWebDriver.findElement(RemoteWebDriver.java:355)
	at com.vcentry.onlineshop.pages.PlaceOrder.clickLogout(PlaceOrder.java:51)
	at com.vcentry.onlineshop.testcases.CheckoutTest.ValidateCheckout(CheckoutTest.java:47)
</failure>
    <system-err><![CDATA[i am entered run for data
Starting ChromeDriver 86.0.4240.22 (398b0743353ff36fb1b82468f63a3a93b4e2e89e-refs/branch-heads/4240@{#378}) on port 1210
Only local connections are allowed.
Please see https://chromedriver.chromium.org/security-considerations for suggestions on keeping ChromeDriver safe.
ChromeDriver was started successfully.
[1607072307.513][WARNING]: This version of ChromeDriver has not been tested with Chrome version 87.
]]></system-err>
  </testcase>
  <testcase name="ValidateCheckout" classname="com.vcentry.onlineshop.testcases.CheckoutTest" time="0">
    <skipped/>
  </testcase>
  <testcase name="ValidateCheckout" classname="com.vcentry.onlineshop.testcases.CheckoutTest" time="0">
    <skipped/>
  </testcase>
  <testcase name="ValidateCheckout" classname="com.vcentry.onlineshop.testcases.CheckoutTest" time="0">
    <skipped/>
  </testcase>
  <testcase name="teardown" classname="com.vcentry.onlineshop.testcases.CheckoutTest" time="42.604">
    <failure type="java.lang.NullPointerException:">java.lang.NullPointerException: null
	at com.vcentry.onlineshop.report.Screenshotgenerator.generateScreenshot(Screenshotgenerator.java:26)
	at com.vcentry.onlineshop.testcases.CheckoutTest.teardown(CheckoutTest.java:67)
</failure>
  </testcase>
  <testcase name="teardown" classname="com.vcentry.onlineshop.testcases.CheckoutTest" time="0">
    <skipped/>
  </testcase>
  <testcase name="teardown" classname="com.vcentry.onlineshop.testcases.CheckoutTest" time="0">
    <skipped/>
  </testcase>
  <testcase name="teardown" classname="com.vcentry.onlineshop.testcases.CheckoutTest" time="0">
    <skipped/>
  </testcase>
</testsuite>